Build started 5/3/2013 2:50:38 PM.
     1>Project "D:\Users\twb1193\PinballFinal\TimBall TomBall\TimBall TomBall\TimBall TomBall.vcxproj" on node 2 (build target(s)).
     1>InitializeBuildStatus:
         Creating "Debug\TimBall TomBall.unsuccessfulbuild" because "AlwaysCreate" was specified.
       ClCompile:
         All outputs are up-to-date.
       Link:
         All outputs are up-to-date.
         TimBall TomBall.vcxproj -> D:\Users\twb1193\PinballFinal\TimBall TomBall\Debug\TimBall TomBall.exe
       PostBuildEvent:
         xcopy "D:\Users\twb1193\PinballFinal\TimBall TomBall\GL\x86\bin" "D:\Users\twb1193\PinballFinal\TimBall TomBall\Debug" /y
         :VCEnd
         D:\Users\twb1193\PinballFinal\TimBall TomBall\GL\x86\bin\glew32.dll
         D:\Users\twb1193\PinballFinal\TimBall TomBall\GL\x86\bin\glew32mx.dll
         D:\Users\twb1193\PinballFinal\TimBall TomBall\GL\x86\bin\GLFW.dll
         3 File(s) copied
       FinalizeBuildStatus:
         Deleting file "Debug\TimBall TomBall.unsuccessfulbuild".
         Touching "Debug\TimBall TomBall.lastbuildstate".
     1>Done Building Project "D:\Users\twb1193\PinballFinal\TimBall TomBall\TimBall TomBall\TimBall TomBall.vcxproj" (build target(s)).

Build succeeded.

Time Elapsed 00:00:00.95
